<?xml version="1.0" encoding="UTF-8"?>
<testsuite xmlns:xsi="http://www.w3.org/2001/XMLSchema-instance" xsi:noNamespaceSchemaLocation="https://maven.apache.org/surefire/maven-surefire-plugin/xsd/surefire-test-report-3.0.xsd" version="3.0" name="com.suaempresa.ofuscadorlgpd.strategy.impl.SubstituirPorFixoStrategyTest" time="0.004" tests="4" errors="0" skipped="0" failures="0">
  <properties>
[...]
</properties>
  <testcase name="ofuscar_comValorOriginal_retornaValorFixoCustomizado" classname="com.suaempresa.ofuscadorlgpd.strategy.impl.SubstituirPorFixoStrategyTest" time="0.001"/>
  <testcase name="ofuscar_quandoDadoStringVazia_retornaValorFixo" classname="com.suaempresa.ofuscadorlgpd.strategy.impl.SubstituirPorFixoStrategyTest" time="0.0"/>
  <testcase name="ofuscar_quandoDadoNulo_retornaValorFixo" classname="com.suaempresa.ofuscadorlgpd.strategy.impl.SubstituirPorFixoStrategyTest" time="0.001"/>
  <testcase name="ofuscar_comValorOriginal_retornaValorFixoPadraoDaAnotacao" classname="com.suaempresa.ofuscadorlgpd.strategy.impl.SubstituirPorFixoStrategyTest" time="0.0"/>
</testsuite>